<?xml version="1.0" encoding="UTF-8"?>
<!-- Generated by org.testng.reporters.JUnitReportReporter -->
<testsuite hostname="LAPTOP-I5LCVM9M" name="test.SampleBuildTest" tests="1" failures="0" timestamp="10 Apr 2021 04:59:19 GMT" time="0.026" errors="0">
  <testcase name="testMethodOne" time="0.026" classname="test.SampleBuildTest"/>
</testsuite> <!-- test.SampleBuildTest -->
